<?xml version="1.0" encoding="UTF-8"?>
<testng-results ignored="0" total="1" passed="1" failed="0" skipped="0">
  <reporter-output>
    <line>
      <![CDATA[HomePage is Displayed]]>
    </line>
  </reporter-output>
  <suite started-at="2024-04-13T22:34:16 IST" name="Default suite" finished-at="2024-04-13T22:34:21 IST" duration-ms="5028">
    <groups>
    </groups>
    <test started-at="2024-04-13T22:34:16 IST" name="Default test" finished-at="2024-04-13T22:34:21 IST" duration-ms="5028">
      <class name="script.ValidLogin">
        <test-method is-config="true" signature="initReport()[pri:0, instance:script.ValidLogin@2b71e916]" started-at="2024-04-13T22:34:16 IST" name="initReport" finished-at="2024-04-13T22:34:16 IST" duration-ms="161" status="PASS">
          <reporter-output>
          </reporter-output>
        </test-method> <!-- initReport -->
        <test-method is-config="true" signature="preCondition(java.lang.reflect.Method,java.lang.String,java.lang.String,java.lang.String)[pri:0, instance:script.ValidLogin@2b71e916]" started-at="2024-04-13T22:34:16 IST" name="preCondition" finished-at="2024-04-13T22:34:18 IST" duration-ms="1746" status="PASS">
          <params>
            <param index="0">
              <value>
                <![CDATA[public void script.ValidLogin.testValidLogin()]]>
              </value>
            </param>
            <param index="1">
              <value>
                <![CDATA[CHROME]]>
              </value>
            </param>
            <param index="2">
              <value>
                <![CDATA[NO]]>
              </value>
            </param>
            <param index="3">
              <value>
                <![CDATA[http://localhost:4444]]>
              </value>
            </param>
          </params>
          <reporter-output>
          </reporter-output>
        </test-method> <!-- preCondition -->
        <test-method signature="testValidLogin()[pri:1, instance:script.ValidLogin@2b71e916]" started-at="2024-04-13T22:34:18 IST" name="testValidLogin" finished-at="2024-04-13T22:34:19 IST" duration-ms="1108" status="PASS">
          <reporter-output>
            <line>
              <![CDATA[HomePage is Displayed]]>
            </line>
          </reporter-output>
        </test-method> <!-- testValidLogin -->
        <test-method is-config="true" signature="postCondition(org.testng.ITestResult)[pri:0, instance:script.ValidLogin@2b71e916]" started-at="2024-04-13T22:34:19 IST" name="postCondition" finished-at="2024-04-13T22:34:21 IST" duration-ms="2155" status="PASS">
          <params>
            <param index="0">
              <value>
                <![CDATA[[TestResult name=testValidLogin status=SUCCESS method=ValidLogin.testValidLogin()[pri:1, instance:script.ValidLogin@2b71e916] output=HomePage is Displayed]]]>
              </value>
            </param>
          </params>
          <reporter-output>
          </reporter-output>
        </test-method> <!-- postCondition -->
        <test-method is-config="true" signature="publishReport()[pri:0, instance:script.ValidLogin@2b71e916]" started-at="2024-04-13T22:34:21 IST" name="publishReport" finished-at="2024-04-13T22:34:21 IST" duration-ms="191" status="PASS">
          <reporter-output>
          </reporter-output>
        </test-method> <!-- publishReport -->
      </class> <!-- script.ValidLogin -->
    </test> <!-- Default test -->
  </suite> <!-- Default suite -->
</testng-results>
